\BOOKMARK [1][-]{section.1}{AULA 1}{}% 1
\BOOKMARK [2][-]{subsection.1.1}{Lei de Coulomb}{section.1}% 2
\BOOKMARK [2][-]{subsection.1.2}{Forca El\351trica vs For\347a Grav\355tica}{section.1}% 3
\BOOKMARK [2][-]{subsection.1.3}{Campo El\351trico}{section.1}% 4
\BOOKMARK [2][-]{subsection.1.4}{Principio de Sobreposi\347\343o}{section.1}% 5
\BOOKMARK [2][-]{subsection.1.5}{Distribui\347\343o Cont\355nua de Carga}{section.1}% 6
\BOOKMARK [3][-]{subsubsection.1.5.1}{Ao Longo de uma linha \(1D\)}{subsection.1.5}% 7
\BOOKMARK [3][-]{subsubsection.1.5.2}{Numa Superf\355cie \(2D\)}{subsection.1.5}% 8
\BOOKMARK [3][-]{subsubsection.1.5.3}{Num Volume \(3D\)}{subsection.1.5}% 9
\BOOKMARK [2][-]{subsection.1.6}{Trabalho Do Campo Magn\351tico}{section.1}% 10
\BOOKMARK [3][-]{subsubsection.1.6.1}{Para um caminho fechado}{subsection.1.6}% 11
\BOOKMARK [3][-]{subsubsection.1.6.2}{Campo de M\372ltiplas Cargas}{subsection.1.6}% 12
\BOOKMARK [1][-]{section.2}{AULA 2}{}% 13
\BOOKMARK [2][-]{subsection.2.1}{Potencial Criado Por Uma Carga}{section.2}% 14
\BOOKMARK [2][-]{subsection.2.2}{Potencial Criado Por Varias Cargas}{section.2}% 15
\BOOKMARK [2][-]{subsection.2.3}{Para uma Distribui\347\343o de Carga}{section.2}% 16
\BOOKMARK [2][-]{subsection.2.4}{Rela\347\343o Entre V e E}{section.2}% 17
\BOOKMARK [2][-]{subsection.2.5}{Diferen\347a de potencial}{section.2}% 18
\BOOKMARK [2][-]{subsection.2.6}{Superficies equipotenciais}{section.2}% 19
\BOOKMARK [2][-]{subsection.2.7}{Lei de Gauss}{section.2}% 20
\BOOKMARK [3][-]{subsubsection.2.7.1}{Se tivermos m\372ltiplas cargas:}{subsection.2.7}% 21
\BOOKMARK [3][-]{subsubsection.2.7.2}{Lei De Gauss}{subsection.2.7}% 22
\BOOKMARK [2][-]{subsection.2.8}{As 3 Geometrias em que se aplica a Lei de Gauss}{section.2}% 23
\BOOKMARK [2][-]{subsection.2.9}{Simetria Cil\355ndrica}{section.2}% 24
\BOOKMARK [2][-]{subsection.2.10}{Plano Infinito}{section.2}% 25
